0 info it worked if it ends with ok
1 verbose cli [ '/usr/local/bin/node',
1 verbose cli   '/usr/local/bin/npm',
1 verbose cli   'run',
1 verbose cli   'test-lint' ]
2 info using npm@4.1.2
3 info using node@v7.6.0
4 verbose run-script [ 'pretest-lint', 'test-lint', 'posttest-lint' ]
5 info lifecycle @dialexa/eslint-config-dialexa@4.1.0~pretest-lint: @dialexa/eslint-config-dialexa@4.1.0
6 silly lifecycle @dialexa/eslint-config-dialexa@4.1.0~pretest-lint: no script for pretest-lint, continuing
7 info lifecycle @dialexa/eslint-config-dialexa@4.1.0~test-lint: @dialexa/eslint-config-dialexa@4.1.0
8 verbose lifecycle @dialexa/eslint-config-dialexa@4.1.0~test-lint: unsafe-perm in lifecycle true
9 verbose lifecycle @dialexa/eslint-config-dialexa@4.1.0~test-lint: PATH: /usr/local/lib/node_modules/npm/bin/node-gyp-bin:/Users/chrismiller/dialexa/eslint-config-dialexa/node_modules/.bin:/usr/local/bin:/usr/local/sbin:/usr/bin:/bin:/usr/sbin:/sbin:/usr/local/share/dotnet:/usr/local/go/bin:/Library/Frameworks/Mono.framework/Versions/Current/Commands:/Users/chrismiller/Library/Android/sdk/tools:/Users/chrismiller/Library/Android/sdk/platform-tools:/Users/chrismiller/Library/Android/sdk/tools:/Users/chrismiller/Library/Android/sdk/platform-tools
10 verbose lifecycle @dialexa/eslint-config-dialexa@4.1.0~test-lint: CWD: /Users/chrismiller/dialexa/eslint-config-dialexa
11 silly lifecycle @dialexa/eslint-config-dialexa@4.1.0~test-lint: Args: [ '-c', 'eslint *.js' ]
12 silly lifecycle @dialexa/eslint-config-dialexa@4.1.0~test-lint: Returned: code: 1  signal: null
13 info lifecycle @dialexa/eslint-config-dialexa@4.1.0~test-lint: Failed to exec test-lint script
14 verbose stack Error: @dialexa/eslint-config-dialexa@4.1.0 test-lint: `eslint *.js`
14 verbose stack Exit status 1
14 verbose stack     at EventEmitter.<anonymous> (/usr/local/lib/node_modules/npm/lib/utils/lifecycle.js:279:16)
14 verbose stack     at emitTwo (events.js:106:13)
14 verbose stack     at EventEmitter.emit (events.js:192:7)
14 verbose stack     at ChildProcess.<anonymous> (/usr/local/lib/node_modules/npm/lib/utils/spawn.js:40:14)
14 verbose stack     at emitTwo (events.js:106:13)
14 verbose stack     at ChildProcess.emit (events.js:192:7)
14 verbose stack     at maybeClose (internal/child_process.js:890:16)
14 verbose stack     at Process.ChildProcess._handle.onexit (internal/child_process.js:226:5)
15 verbose pkgid @dialexa/eslint-config-dialexa@4.1.0
16 verbose cwd /Users/chrismiller/dialexa/eslint-config-dialexa
17 error Darwin 16.6.0
18 error argv "/usr/local/bin/node" "/usr/local/bin/npm" "run" "test-lint"
19 error node v7.6.0
20 error npm  v4.1.2
21 error code ELIFECYCLE
22 error @dialexa/eslint-config-dialexa@4.1.0 test-lint: `eslint *.js`
22 error Exit status 1
23 error Failed at the @dialexa/eslint-config-dialexa@4.1.0 test-lint script 'eslint *.js'.
23 error Make sure you have the latest version of node.js and npm installed.
23 error If you do, this is most likely a problem with the @dialexa/eslint-config-dialexa package,
23 error not with npm itself.
23 error Tell the author that this fails on your system:
23 error     eslint *.js
23 error You can get information on how to open an issue for this project with:
23 error     npm bugs @dialexa/eslint-config-dialexa
23 error Or if that isn't available, you can get their info via:
23 error     npm owner ls @dialexa/eslint-config-dialexa
23 error There is likely additional logging output above.
24 verbose exit [ 1, true ]
